<?xml version="1.0" encoding="UTF-8"?>
<testsuite xmlns:xsi="http://www.w3.org/2001/XMLSchema-instance" xsi:noNamespaceSchemaLocation="https://maven.apache.org/surefire/maven-surefire-plugin/xsd/surefire-test-report.xsd" version="3.0.2" name="com.fitpulse.integration.MainApplicationBookingIntegrationTest" time="10.253" tests="1" errors="0" skipped="0" failures="0">
  <properties>
[...]
</properties>
  <testcase name="bookingEligibleClassPersistsBookingForAuthenticatedMember" classname="com.fitpulse.integration.MainApplicationBookingIntegrationTest" time="1.034">
    <system-out><![CDATA[2026-08-21T14:51:14.859+03:00  INFO 1524 --- [FitPulse] [           main] t.c.s.AnnotationConfigContextLoaderUtils : Could not detect default configuration classes for test class [com.fitpulse.integration.MainApplicationBookingIntegrationTest]: MainApplicationBookingIntegrationTest does not declare any static, non-private, non-final, nested classes annotated with @Configuration.
2026-08-21T14:51:14.890+03:00  INFO 1524 --- [FitPulse] [           main] .b.t.c.SpringBootTestContextBootstrapper : Found @SpringBootConfiguration com.fitpulse.FitPulseApplication for test class com.fitpulse.integration.MainApplicationBookingIntegrationTest

  .   ____          _            __ _ _
 /\\ / ___'_ __ _ _(_)_ __  __ _ \ \ \ \
( ( )\___ | '_ | '_| | '_ \/ _` | \ \ \ \
 \\/  ___)| |_)| | | | | || (_| |  ) ) ) )
  '  |____| .__|_| |_|_| |_\__, | / / / /
 =========|_|==============|___/=/_/_/_/

 :: Spring Boot ::                (v3.4.0)

2026-08-21T14:51:15.088+03:00  INFO 1524 --- [FitPulse] [           main] .i.MainApplicationBookingIntegrationTest : Starting MainApplicationBookingIntegrationTest using Java 21.0.6 with PID 1524 (started by LCUser in C:\Users\LCUser\Desktop\fitpulse-final)
2026-08-21T14:51:15.089+03:00  INFO 1524 --- [FitPulse] [           main] .i.MainApplicationBookingIntegrationTest : The following 1 profile is active: "integration-test"
2026-08-21T14:51:16.147+03:00  INFO 1524 --- [FitPulse] [           main] .s.d.r.c.RepositoryConfigurationDelegate : Bootstrapping Spring Data JPA repositories in DEFAULT mode.
2026-08-21T14:51:16.320+03:00  INFO 1524 --- [FitPulse] [           main] .s.d.r.c.RepositoryConfigurationDelegate : Finished Spring Data repository scanning in 141 ms. Found 4 JPA repository interfaces.
2026-08-21T14:51:16.718+03:00  INFO 1524 --- [FitPulse] [           main] o.s.cloud.context.scope.GenericScope     : BeanFactory id=86d9abb3-01a4-38e8-adae-a7df504f1e81
2026-08-21T14:51:17.388+03:00  INFO 1524 --- [FitPulse] [           main] o.hibernate.jpa.internal.util.LogHelper  : HHH000204: Processing PersistenceUnitInfo [name: default]
2026-08-21T14:51:17.638+03:00  INFO 1524 --- [FitPulse] [           main] org.hibernate.Version                    : HHH000412: Hibernate ORM core version 6.6.2.Final
2026-08-21T14:51:17.784+03:00  INFO 1524 --- [FitPulse] [           main] o.h.c.internal.RegionFactoryInitiator    : HHH000026: Second-level cache disabled
2026-08-21T14:51:18.271+03:00  INFO 1524 --- [FitPulse] [           main] o.s.o.j.p.SpringPersistenceUnitInfo      : No LoadTimeWeaver setup: ignoring JPA class transformer
2026-08-21T14:51:18.383+03:00  INFO 1524 --- [FitPulse] [           main] com.zaxxer.hikari.HikariDataSource       : HikariPool-1 - Starting...
2026-08-21T14:51:19.268+03:00  INFO 1524 --- [FitPulse] [           main] com.zaxxer.hikari.pool.HikariPool        : HikariPool-1 - Added connection conn0: url=jdbc:h2:mem:fitpulse-integration user=SA
2026-08-21T14:51:19.274+03:00  INFO 1524 --- [FitPulse] [           main] com.zaxxer.hikari.HikariDataSource       : HikariPool-1 - Start completed.
2026-08-21T14:51:19.471+03:00  INFO 1524 --- [FitPulse] [           main] org.hibernate.orm.connections.pooling    : HHH10001005: Database info:
	Database JDBC URL [Connecting through datasource 'HikariDataSource (HikariPool-1)']
	Database driver: undefined/unknown
	Database version: 2.3.232
	Autocommit mode: undefined/unknown
	Isolation level: undefined/unknown
	Minimum pool size: undefined/unknown
	Maximum pool size: undefined/unknown
2026-08-21T14:51:21.958+03:00  INFO 1524 --- [FitPulse] [           main] o.h.e.t.j.p.i.JtaPlatformInitiator       : HHH000489: No JTA platform available (set 'hibernate.transaction.jta.platform' to enable JTA platform integration)
2026-08-21T14:51:22.182+03:00  INFO 1524 --- [FitPulse] [           main] j.LocalContainerEntityManagerFactoryBean : Initialized JPA EntityManagerFactory for persistence unit 'default'
2026-08-21T14:51:23.186+03:00  WARN 1524 --- [FitPulse] [           main] JpaBaseConfiguration$JpaWebConfiguration : spring.jpa.open-in-view is enabled by default. Therefore, database queries may be performed during view rendering. Explicitly configure spring.jpa.open-in-view to disable this warning
2026-08-21T14:51:23.217+03:00  INFO 1524 --- [FitPulse] [           main] r$InitializeUserDetailsManagerConfigurer : Global AuthenticationManager configured with UserDetailsService bean with name userDetailsServiceImpl
2026-08-21T14:51:24.058+03:00  INFO 1524 --- [FitPulse] [           main] .i.MainApplicationBookingIntegrationTest : Started MainApplicationBookingIntegrationTest in 9.148 seconds (process running for 33.022)
2026-08-21T14:51:24.105+03:00  INFO 1524 --- [FitPulse] [   scheduling-1] c.fitpulse.scheduling.FitPulseScheduler  : Starting scheduled past-class cleanup
2026-08-21T14:51:24.786+03:00  INFO 1524 --- [FitPulse] [   scheduling-1] c.f.service.impl.SchedulingServiceImpl   : Removed 0 past gym classes without bookings, using cutoff 2026-08-21T14:51:24.157572800
2026-08-21T14:51:24.791+03:00  INFO 1524 --- [FitPulse] [   scheduling-1] c.fitpulse.scheduling.FitPulseScheduler  : Finished past-class cleanup; removed 0 gym classes
2026-08-21T14:51:24.844+03:00  INFO 1524 --- [FitPulse] [           main] c.f.s.impl.WorkoutBookingServiceImpl     : Workout booking created: bookingId=53410129-0966-4578-bb6f-3e250a7c46ca, userId=19caaa63-e40f-4d63-b13c-7f006bec97d2, classId=acf3c26f-ac9f-4901-a30b-3ce7a77f6aca
]]></system-out>
  </testcase>
</testsuite>